This file contains any messages produced by compilers while
running configure, to aid debugging if configure makes a mistake.

It was created by configure, which was
generated by GNU Autoconf 2.69.  Invocation command line was

  $ /root/eval/httpd-2.4.25/srclib/apr-util/configure --disable-option-checking --enable-http2 --with-nghttp2=/root/eval/httpd-2.4.25/nghttp2-1.8.0/install --with-included-apr --prefix=/root/eval/httpd-2.4.25/install CC=/root/BSA_test/third_party/afl-2.52b/afl-BSA-clang-fast CFLAGS=-pthread --cache-file=/dev/null --srcdir=/root/eval/httpd-2.4.25/srclib/apr-util --with-apr=../apr --prefix=/root/eval/httpd-2.4.25/install --exec-prefix=/root/eval/httpd-2.4.25/install --libdir=${prefix}/lib --includedir=/root/eval/httpd-2.4.25/install/include --bindir=${prefix}/bin

## --------- ##
## Platform. ##
## --------- ##

hostname = 617a67ca89c7
uname -m = x86_64
uname -r = 4.15.0-111-generic
uname -s = Linux
uname -v = #112-Ubuntu SMP Thu Jul 9 20:32:34 UTC 2020

/usr/bin/uname -p = unknown
/bin/uname -X     = unknown

/bin/arch              = unknown
/usr/bin/arch -k       = unknown
/usr/convex/getsysinfo = unknown
/usr/bin/hostinfo      = unknown
/bin/machine           = unknown
/usr/bin/oslevel       = unknown
/bin/universe          = unknown

PATH: /root/.cargo/bin
PATH: /usr/local/sbin
PATH: /usr/local/bin
PATH: /usr/sbin
PATH: /usr/bin
PATH: /sbin
PATH: /bin
PATH: /root/.local/bin


## ----------- ##
## Core tests. ##
## ----------- ##

configure:2594: checking build system type
configure:2608: result: x86_64-pc-linux-gnu
configure:2628: checking host system type
configure:2641: result: x86_64-pc-linux-gnu
configure:2661: checking target system type
configure:2674: result: x86_64-pc-linux-gnu
configure:2716: checking for a BSD-compatible install
configure:2784: result: /usr/bin/install -c
configure:2819: checking for working mkdir -p
configure:2835: result: yes
configure:2929: checking for chosen layout
configure:2931: result: apr-util
configure:3103: checking for gcc
configure:3130: result: /root/BSA_test/third_party/afl-2.52b/afl-BSA-clang-fast
configure:3359: checking for C compiler version
configure:3368: /root/BSA_test/third_party/afl-2.52b/afl-BSA-clang-fast --version >&5
clang version 3.9.1-4ubuntu3~16.04.2 (tags/RELEASE_391/rc2)
Target: x86_64-pc-linux-gnu
Thread model: posix
InstalledDir: /usr/bin
configure:3379: $? = 0
configure:3368: /root/BSA_test/third_party/afl-2.52b/afl-BSA-clang-fast -v >&5
clang version 3.9.1-4ubuntu3~16.04.2 (tags/RELEASE_391/rc2)
Target: x86_64-pc-linux-gnu
Thread model: posix
InstalledDir: /usr/bin
Found candidate GCC installation: /usr/bin/../lib/gcc/i686-linux-gnu/9
Found candidate GCC installation: /usr/bin/../lib/gcc/x86_64-linux-gnu/5
Found candidate GCC installation: /usr/bin/../lib/gcc/x86_64-linux-gnu/5.4.0
Found candidate GCC installation: /usr/bin/../lib/gcc/x86_64-linux-gnu/6
Found candidate GCC installation: /usr/bin/../lib/gcc/x86_64-linux-gnu/6.5.0
Found candidate GCC installation: /usr/bin/../lib/gcc/x86_64-linux-gnu/7
... rest of stderr output deleted ...
configure:3379: $? = 1
configure:3368: /root/BSA_test/third_party/afl-2.52b/afl-BSA-clang-fast -V >&5
clang: error: unsupported option '-V -g'
configure:3379: $? = 1
configure:3368: /root/BSA_test/third_party/afl-2.52b/afl-BSA-clang-fast -qversion >&5
clang: error: unknown argument: '-qversion'
configure:3379: $? = 1
configure:3399: checking whether the C compiler works
configure:3421: /root/BSA_test/third_party/afl-2.52b/afl-BSA-clang-fast -pthread   conftest.c  >&5
No config
configure:3425: $? = 0
configure:3473: result: yes
configure:3476: checking for C compiler default output file name
configure:3478: result: a.out
configure:3484: checking for suffix of executables
configure:3491: /root/BSA_test/third_party/afl-2.52b/afl-BSA-clang-fast -o conftest -pthread   conftest.c  >&5
No config
configure:3495: $? = 0
configure:3517: result: 
configure:3539: checking whether we are cross compiling
configure:3547: /root/BSA_test/third_party/afl-2.52b/afl-BSA-clang-fast -o conftest -pthread   conftest.c  >&5
No config
configure:3551: $? = 0
configure:3558: ./conftest
configure:3562: $? = 0
configure:3577: result: no
configure:3582: checking for suffix of object files
configure:3604: /root/BSA_test/third_party/afl-2.52b/afl-BSA-clang-fast -c -pthread  conftest.c >&5
No config
configure:3608: $? = 0
configure:3629: result: o
configure:3633: checking whether we are using the GNU C compiler
configure:3652: /root/BSA_test/third_party/afl-2.52b/afl-BSA-clang-fast -c -pthread  conftest.c >&5
No config
configure:3652: $? = 0
configure:3661: result: yes
configure:3670: checking whether /root/BSA_test/third_party/afl-2.52b/afl-BSA-clang-fast accepts -g
configure:3690: /root/BSA_test/third_party/afl-2.52b/afl-BSA-clang-fast -c -g  conftest.c >&5
No config
configure:3690: $? = 0
configure: failed program was:
| /* confdefs.h */
| #define PACKAGE_NAME ""
| #define PACKAGE_TARNAME ""
| #define PACKAGE_VERSION ""
| #define PACKAGE_STRING ""
| #define PACKAGE_BUGREPORT ""
| #define PACKAGE_URL ""
| /* end confdefs.h.  */
| 
| int
| main ()
| {
| 
|   ;
|   return 0;
| }
configure:3705: /root/BSA_test/third_party/afl-2.52b/afl-BSA-clang-fast -c   conftest.c >&5
No config
configure:3705: $? = 0
configure: failed program was:
| /* confdefs.h */
| #define PACKAGE_NAME ""
| #define PACKAGE_TARNAME ""
| #define PACKAGE_VERSION ""
| #define PACKAGE_STRING ""
| #define PACKAGE_BUGREPORT ""
| #define PACKAGE_URL ""
| /* end confdefs.h.  */
| 
| int
| main ()
| {
| 
|   ;
|   return 0;
| }
configure:3721: /root/BSA_test/third_party/afl-2.52b/afl-BSA-clang-fast -c -g  conftest.c >&5
No config
configure:3721: $? = 0
configure:3731: result: yes
configure:3748: checking for /root/BSA_test/third_party/afl-2.52b/afl-BSA-clang-fast option to accept ISO C89
configure:3811: /root/BSA_test/third_party/afl-2.52b/afl-BSA-clang-fast  -c -pthread  conftest.c >&5
No config
configure:3811: $? = 0
configure:3824: result: none needed
configure:4001: checking for APR
configure:4080: result: yes
configure:4347: checking how to run the C preprocessor
configure:4417: result: /root/BSA_test/third_party/afl-2.52b/afl-BSA-clang-fast -E
configure:4437: /root/BSA_test/third_party/afl-2.52b/afl-BSA-clang-fast -E  -DLINUX -D_REENTRANT -D_GNU_SOURCE conftest.c
configure:4437: $? = 0
configure:4451: /root/BSA_test/third_party/afl-2.52b/afl-BSA-clang-fast -E  -DLINUX -D_REENTRANT -D_GNU_SOURCE conftest.c
conftest.c:9:10: fatal error: 'ac_nonexistent.h' file not found
#include <ac_nonexistent.h>
         ^
1 error generated.
configure:4451: $? = 1
configure: failed program was:
| /* confdefs.h */
| #define PACKAGE_NAME ""
| #define PACKAGE_TARNAME ""
| #define PACKAGE_VERSION ""
| #define PACKAGE_STRING ""
| #define PACKAGE_BUGREPORT ""
| #define PACKAGE_URL ""
| /* end confdefs.h.  */
| #include <ac_nonexistent.h>
configure:4480: checking for grep that handles long lines and -e
configure:4538: result: /bin/grep
configure:4543: checking for egrep
configure:4605: result: /bin/grep -E
configure:4610: checking for ANSI C header files
configure:4630: /root/BSA_test/third_party/afl-2.52b/afl-BSA-clang-fast -c -pthread  -DLINUX -D_REENTRANT -D_GNU_SOURCE conftest.c >&5
No config
configure:4630: $? = 0
configure:4703: /root/BSA_test/third_party/afl-2.52b/afl-BSA-clang-fast -o conftest -pthread  -DLINUX -D_REENTRANT -D_GNU_SOURCE  conftest.c  >&5
No config
configure:4703: $? = 0
configure:4703: ./conftest
configure:4703: $? = 0
configure:4714: result: yes
configure:4727: checking for sys/types.h
configure:4727: /root/BSA_test/third_party/afl-2.52b/afl-BSA-clang-fast -c -pthread  -DLINUX -D_REENTRANT -D_GNU_SOURCE conftest.c >&5
No config
configure:4727: $? = 0
configure:4727: result: yes
configure:4727: checking for sys/stat.h
configure:4727: /root/BSA_test/third_party/afl-2.52b/afl-BSA-clang-fast -c -pthread  -DLINUX -D_REENTRANT -D_GNU_SOURCE conftest.c >&5
No config
configure:4727: $? = 0
configure:4727: result: yes
configure:4727: checking for stdlib.h
configure:4727: /root/BSA_test/third_party/afl-2.52b/afl-BSA-clang-fast -c -pthread  -DLINUX -D_REENTRANT -D_GNU_SOURCE conftest.c >&5
No config
configure:4727: $? = 0
configure:4727: result: yes
configure:4727: checking for string.h
configure:4727: /root/BSA_test/third_party/afl-2.52b/afl-BSA-clang-fast -c -pthread  -DLINUX -D_REENTRANT -D_GNU_SOURCE conftest.c >&5
No config
configure:4727: $? = 0
configure:4727: result: yes
configure:4727: checking for memory.h
configure:4727: /root/BSA_test/third_party/afl-2.52b/afl-BSA-clang-fast -c -pthread  -DLINUX -D_REENTRANT -D_GNU_SOURCE conftest.c >&5
No config
configure:4727: $? = 0
configure:4727: result: yes
configure:4727: checking for strings.h
configure:4727: /root/BSA_test/third_party/afl-2.52b/afl-BSA-clang-fast -c -pthread  -DLINUX -D_REENTRANT -D_GNU_SOURCE conftest.c >&5
No config
configure:4727: $? = 0
configure:4727: result: yes
configure:4727: checking for inttypes.h
configure:4727: /root/BSA_test/third_party/afl-2.52b/afl-BSA-clang-fast -c -pthread  -DLINUX -D_REENTRANT -D_GNU_SOURCE conftest.c >&5
No config
configure:4727: $? = 0
configure:4727: result: yes
configure:4727: checking for stdint.h
configure:4727: /root/BSA_test/third_party/afl-2.52b/afl-BSA-clang-fast -c -pthread  -DLINUX -D_REENTRANT -D_GNU_SOURCE conftest.c >&5
No config
configure:4727: $? = 0
configure:4727: result: yes
configure:4727: checking for unistd.h
configure:4727: /root/BSA_test/third_party/afl-2.52b/afl-BSA-clang-fast -c -pthread  -DLINUX -D_REENTRANT -D_GNU_SOURCE conftest.c >&5
No config
configure:4727: $? = 0
configure:4727: result: yes
configure:18781: checking for default DBM
configure:18783: result: sdbm (default)
configure:19633: checking for pg_config
configure:19666: result: no
configure:19721: checking libpq-fe.h usability
configure:19721: /root/BSA_test/third_party/afl-2.52b/afl-BSA-clang-fast -c -pthread  -DLINUX -D_REENTRANT -D_GNU_SOURCE conftest.c >&5
conftest.c:52:10: fatal error: 'libpq-fe.h' file not found
#include <libpq-fe.h>
         ^
1 error generated.
configure:19721: $? = 1
configure: failed program was:
| /* confdefs.h */
| #define PACKAGE_NAME ""
| #define PACKAGE_TARNAME ""
| #define PACKAGE_VERSION ""
| #define PACKAGE_STRING ""
| #define PACKAGE_BUGREPORT ""
| #define PACKAGE_URL ""
| #define STDC_HEADERS 1
| #define HAVE_SYS_TYPES_H 1
| #define HAVE_SYS_STAT_H 1
| #define HAVE_STDLIB_H 1
| #define HAVE_STRING_H 1
| #define HAVE_MEMORY_H 1
| #define HAVE_STRINGS_H 1
| #define HAVE_INTTYPES_H 1
| #define HAVE_STDINT_H 1
| #define HAVE_UNISTD_H 1
| /* end confdefs.h.  */
| #include <stdio.h>
| #ifdef HAVE_SYS_TYPES_H
| # include <sys/types.h>
| #endif
| #ifdef HAVE_SYS_STAT_H
| # include <sys/stat.h>
| #endif
| #ifdef STDC_HEADERS
| # include <stdlib.h>
| # include <stddef.h>
| #else
| # ifdef HAVE_STDLIB_H
| #  include <stdlib.h>
| # endif
| #endif
| #ifdef HAVE_STRING_H
| # if !defined STDC_HEADERS && defined HAVE_MEMORY_H
| #  include <memory.h>
| # endif
| # include <string.h>
| #endif
| #ifdef HAVE_STRINGS_H
| # include <strings.h>
| #endif
| #ifdef HAVE_INTTYPES_H
| # include <inttypes.h>
| #endif
| #ifdef HAVE_STDINT_H
| # include <stdint.h>
| #endif
| #ifdef HAVE_UNISTD_H
| # include <unistd.h>
| #endif
| #include <libpq-fe.h>
configure:19721: result: no
configure:19721: checking libpq-fe.h presence
configure:19721: /root/BSA_test/third_party/afl-2.52b/afl-BSA-clang-fast -E  -DLINUX -D_REENTRANT -D_GNU_SOURCE conftest.c
conftest.c:19:10: fatal error: 'libpq-fe.h' file not found
#include <libpq-fe.h>
         ^
1 error generated.
configure:19721: $? = 1
configure: failed program was:
| /* confdefs.h */
| #define PACKAGE_NAME ""
| #define PACKAGE_TARNAME ""
| #define PACKAGE_VERSION ""
| #define PACKAGE_STRING ""
| #define PACKAGE_BUGREPORT ""
| #define PACKAGE_URL ""
| #define STDC_HEADERS 1
| #define HAVE_SYS_TYPES_H 1
| #define HAVE_SYS_STAT_H 1
| #define HAVE_STDLIB_H 1
| #define HAVE_STRING_H 1
| #define HAVE_MEMORY_H 1
| #define HAVE_STRINGS_H 1
| #define HAVE_INTTYPES_H 1
| #define HAVE_STDINT_H 1
| #define HAVE_UNISTD_H 1
| /* end confdefs.h.  */
| #include <libpq-fe.h>
configure:19721: result: no
configure:19721: checking for libpq-fe.h
configure:19721: result: no
configure:19843: checking postgresql/libpq-fe.h usability
configure:19843: /root/BSA_test/third_party/afl-2.52b/afl-BSA-clang-fast -c -pthread  -DLINUX -D_REENTRANT -D_GNU_SOURCE conftest.c >&5
conftest.c:52:10: fatal error: 'postgresql/libpq-fe.h' file not found
#include <postgresql/libpq-fe.h>
         ^
1 error generated.
configure:19843: $? = 1
configure: failed program was:
| /* confdefs.h */
| #define PACKAGE_NAME ""
| #define PACKAGE_TARNAME ""
| #define PACKAGE_VERSION ""
| #define PACKAGE_STRING ""
| #define PACKAGE_BUGREPORT ""
| #define PACKAGE_URL ""
| #define STDC_HEADERS 1
| #define HAVE_SYS_TYPES_H 1
| #define HAVE_SYS_STAT_H 1
| #define HAVE_STDLIB_H 1
| #define HAVE_STRING_H 1
| #define HAVE_MEMORY_H 1
| #define HAVE_STRINGS_H 1
| #define HAVE_INTTYPES_H 1
| #define HAVE_STDINT_H 1
| #define HAVE_UNISTD_H 1
| /* end confdefs.h.  */
| #include <stdio.h>
| #ifdef HAVE_SYS_TYPES_H
| # include <sys/types.h>
| #endif
| #ifdef HAVE_SYS_STAT_H
| # include <sys/stat.h>
| #endif
| #ifdef STDC_HEADERS
| # include <stdlib.h>
| # include <stddef.h>
| #else
| # ifdef HAVE_STDLIB_H
| #  include <stdlib.h>
| # endif
| #endif
| #ifdef HAVE_STRING_H
| # if !defined STDC_HEADERS && defined HAVE_MEMORY_H
| #  include <memory.h>
| # endif
| # include <string.h>
| #endif
| #ifdef HAVE_STRINGS_H
| # include <strings.h>
| #endif
| #ifdef HAVE_INTTYPES_H
| # include <inttypes.h>
| #endif
| #ifdef HAVE_STDINT_H
| # include <stdint.h>
| #endif
| #ifdef HAVE_UNISTD_H
| # include <unistd.h>
| #endif
| #include <postgresql/libpq-fe.h>
configure:19843: result: no
configure:19843: checking postgresql/libpq-fe.h presence
configure:19843: /root/BSA_test/third_party/afl-2.52b/afl-BSA-clang-fast -E  -DLINUX -D_REENTRANT -D_GNU_SOURCE conftest.c
conftest.c:19:10: fatal error: 'postgresql/libpq-fe.h' file not found
#include <postgresql/libpq-fe.h>
         ^
1 error generated.
configure:19843: $? = 1
configure: failed program was:
| /* confdefs.h */
| #define PACKAGE_NAME ""
| #define PACKAGE_TARNAME ""
| #define PACKAGE_VERSION ""
| #define PACKAGE_STRING ""
| #define PACKAGE_BUGREPORT ""
| #define PACKAGE_URL ""
| #define STDC_HEADERS 1
| #define HAVE_SYS_TYPES_H 1
| #define HAVE_SYS_STAT_H 1
| #define HAVE_STDLIB_H 1
| #define HAVE_STRING_H 1
| #define HAVE_MEMORY_H 1
| #define HAVE_STRINGS_H 1
| #define HAVE_INTTYPES_H 1
| #define HAVE_STDINT_H 1
| #define HAVE_UNISTD_H 1
| /* end confdefs.h.  */
| #include <postgresql/libpq-fe.h>
configure:19843: result: no
configure:19843: checking for postgresql/libpq-fe.h
configure:19843: result: no
configure:20739: checking sqlite3.h usability
configure:20739: /root/BSA_test/third_party/afl-2.52b/afl-BSA-clang-fast -c -pthread  -DLINUX -D_REENTRANT -D_GNU_SOURCE conftest.c >&5
No config
configure:20739: $? = 0
configure:20739: result: yes
configure:20739: checking sqlite3.h presence
configure:20739: /root/BSA_test/third_party/afl-2.52b/afl-BSA-clang-fast -E  -DLINUX -D_REENTRANT -D_GNU_SOURCE conftest.c
configure:20739: $? = 0
configure:20739: result: yes
configure:20739: checking for sqlite3.h
configure:20739: result: yes
configure:20744: checking for sqlite3_open in -lsqlite3
configure:20769: /root/BSA_test/third_party/afl-2.52b/afl-BSA-clang-fast -o conftest -pthread  -DLINUX -D_REENTRANT -D_GNU_SOURCE  conftest.c -lsqlite3   >&5
No config
configure:20769: $? = 0
configure:20778: result: yes
configure:21017: checking sqlite.h usability
configure:21017: /root/BSA_test/third_party/afl-2.52b/afl-BSA-clang-fast -c -pthread  -DLINUX -D_REENTRANT -D_GNU_SOURCE conftest.c >&5
conftest.c:53:10: fatal error: 'sqlite.h' file not found
#include <sqlite.h>
         ^
1 error generated.
configure:21017: $? = 1
configure: failed program was:
| /* confdefs.h */
| #define PACKAGE_NAME ""
| #define PACKAGE_TARNAME ""
| #define PACKAGE_VERSION ""
| #define PACKAGE_STRING ""
| #define PACKAGE_BUGREPORT ""
| #define PACKAGE_URL ""
| #define STDC_HEADERS 1
| #define HAVE_SYS_TYPES_H 1
| #define HAVE_SYS_STAT_H 1
| #define HAVE_STDLIB_H 1
| #define HAVE_STRING_H 1
| #define HAVE_MEMORY_H 1
| #define HAVE_STRINGS_H 1
| #define HAVE_INTTYPES_H 1
| #define HAVE_STDINT_H 1
| #define HAVE_UNISTD_H 1
| #define HAVE_SQLITE3_H 1
| /* end confdefs.h.  */
| #include <stdio.h>
| #ifdef HAVE_SYS_TYPES_H
| # include <sys/types.h>
| #endif
| #ifdef HAVE_SYS_STAT_H
| # include <sys/stat.h>
| #endif
| #ifdef STDC_HEADERS
| # include <stdlib.h>
| # include <stddef.h>
| #else
| # ifdef HAVE_STDLIB_H
| #  include <stdlib.h>
| # endif
| #endif
| #ifdef HAVE_STRING_H
| # if !defined STDC_HEADERS && defined HAVE_MEMORY_H
| #  include <memory.h>
| # endif
| # include <string.h>
| #endif
| #ifdef HAVE_STRINGS_H
| # include <strings.h>
| #endif
| #ifdef HAVE_INTTYPES_H
| # include <inttypes.h>
| #endif
| #ifdef HAVE_STDINT_H
| # include <stdint.h>
| #endif
| #ifdef HAVE_UNISTD_H
| # include <unistd.h>
| #endif
| #include <sqlite.h>
configure:21017: result: no
configure:21017: checking sqlite.h presence
configure:21017: /root/BSA_test/third_party/afl-2.52b/afl-BSA-clang-fast -E  -DLINUX -D_REENTRANT -D_GNU_SOURCE conftest.c
conftest.c:20:10: fatal error: 'sqlite.h' file not found
#include <sqlite.h>
         ^
1 error generated.
configure:21017: $? = 1
configure: failed program was:
| /* confdefs.h */
| #define PACKAGE_NAME ""
| #define PACKAGE_TARNAME ""
| #define PACKAGE_VERSION ""
| #define PACKAGE_STRING ""
| #define PACKAGE_BUGREPORT ""
| #define PACKAGE_URL ""
| #define STDC_HEADERS 1
| #define HAVE_SYS_TYPES_H 1
| #define HAVE_SYS_STAT_H 1
| #define HAVE_STDLIB_H 1
| #define HAVE_STRING_H 1
| #define HAVE_MEMORY_H 1
| #define HAVE_STRINGS_H 1
| #define HAVE_INTTYPES_H 1
| #define HAVE_STDINT_H 1
| #define HAVE_UNISTD_H 1
| #define HAVE_SQLITE3_H 1
| /* end confdefs.h.  */
| #include <sqlite.h>
configure:21017: result: no
configure:21017: checking for sqlite.h
configure:21017: result: no
configure:22237: checking for odbc_config
configure:22270: result: no
configure:22347: checking sql.h usability
configure:22347: /root/BSA_test/third_party/afl-2.52b/afl-BSA-clang-fast -c -pthread  -DLINUX -D_REENTRANT -D_GNU_SOURCE conftest.c >&5
conftest.c:53:10: fatal error: 'sql.h' file not found
#include <sql.h>
         ^
1 error generated.
configure:22347: $? = 1
configure: failed program was:
| /* confdefs.h */
| #define PACKAGE_NAME ""
| #define PACKAGE_TARNAME ""
| #define PACKAGE_VERSION ""
| #define PACKAGE_STRING ""
| #define PACKAGE_BUGREPORT ""
| #define PACKAGE_URL ""
| #define STDC_HEADERS 1
| #define HAVE_SYS_TYPES_H 1
| #define HAVE_SYS_STAT_H 1
| #define HAVE_STDLIB_H 1
| #define HAVE_STRING_H 1
| #define HAVE_MEMORY_H 1
| #define HAVE_STRINGS_H 1
| #define HAVE_INTTYPES_H 1
| #define HAVE_STDINT_H 1
| #define HAVE_UNISTD_H 1
| #define HAVE_SQLITE3_H 1
| /* end confdefs.h.  */
| #include <stdio.h>
| #ifdef HAVE_SYS_TYPES_H
| # include <sys/types.h>
| #endif
| #ifdef HAVE_SYS_STAT_H
| # include <sys/stat.h>
| #endif
| #ifdef STDC_HEADERS
| # include <stdlib.h>
| # include <stddef.h>
| #else
| # ifdef HAVE_STDLIB_H
| #  include <stdlib.h>
| # endif
| #endif
| #ifdef HAVE_STRING_H
| # if !defined STDC_HEADERS && defined HAVE_MEMORY_H
| #  include <memory.h>
| # endif
| # include <string.h>
| #endif
| #ifdef HAVE_STRINGS_H
| # include <strings.h>
| #endif
| #ifdef HAVE_INTTYPES_H
| # include <inttypes.h>
| #endif
| #ifdef HAVE_STDINT_H
| # include <stdint.h>
| #endif
| #ifdef HAVE_UNISTD_H
| # include <unistd.h>
| #endif
| #include <sql.h>
configure:22347: result: no
configure:22347: checking sql.h presence
configure:22347: /root/BSA_test/third_party/afl-2.52b/afl-BSA-clang-fast -E  -DLINUX -D_REENTRANT -D_GNU_SOURCE conftest.c
conftest.c:20:10: fatal error: 'sql.h' file not found
#include <sql.h>
         ^
1 error generated.
configure:22347: $? = 1
configure: failed program was:
| /* confdefs.h */
| #define PACKAGE_NAME ""
| #define PACKAGE_TARNAME ""
| #define PACKAGE_VERSION ""
| #define PACKAGE_STRING ""
| #define PACKAGE_BUGREPORT ""
| #define PACKAGE_URL ""
| #define STDC_HEADERS 1
| #define HAVE_SYS_TYPES_H 1
| #define HAVE_SYS_STAT_H 1
| #define HAVE_STDLIB_H 1
| #define HAVE_STRING_H 1
| #define HAVE_MEMORY_H 1
| #define HAVE_STRINGS_H 1
| #define HAVE_INTTYPES_H 1
| #define HAVE_STDINT_H 1
| #define HAVE_UNISTD_H 1
| #define HAVE_SQLITE3_H 1
| /* end confdefs.h.  */
| #include <sql.h>
configure:22347: result: no
configure:22347: checking for sql.h
configure:22347: result: no
configure:22399: checking odbc/sql.h usability
configure:22399: /root/BSA_test/third_party/afl-2.52b/afl-BSA-clang-fast -c -pthread  -DLINUX -D_REENTRANT -D_GNU_SOURCE conftest.c >&5
conftest.c:53:10: fatal error: 'odbc/sql.h' file not found
#include <odbc/sql.h>
         ^
1 error generated.
configure:22399: $? = 1
configure: failed program was:
| /* confdefs.h */
| #define PACKAGE_NAME ""
| #define PACKAGE_TARNAME ""
| #define PACKAGE_VERSION ""
| #define PACKAGE_STRING ""
| #define PACKAGE_BUGREPORT ""
| #define PACKAGE_URL ""
| #define STDC_HEADERS 1
| #define HAVE_SYS_TYPES_H 1
| #define HAVE_SYS_STAT_H 1
| #define HAVE_STDLIB_H 1
| #define HAVE_STRING_H 1
| #define HAVE_MEMORY_H 1
| #define HAVE_STRINGS_H 1
| #define HAVE_INTTYPES_H 1
| #define HAVE_STDINT_H 1
| #define HAVE_UNISTD_H 1
| #define HAVE_SQLITE3_H 1
| /* end confdefs.h.  */
| #include <stdio.h>
| #ifdef HAVE_SYS_TYPES_H
| # include <sys/types.h>
| #endif
| #ifdef HAVE_SYS_STAT_H
| # include <sys/stat.h>
| #endif
| #ifdef STDC_HEADERS
| # include <stdlib.h>
| # include <stddef.h>
| #else
| # ifdef HAVE_STDLIB_H
| #  include <stdlib.h>
| # endif
| #endif
| #ifdef HAVE_STRING_H
| # if !defined STDC_HEADERS && defined HAVE_MEMORY_H
| #  include <memory.h>
| # endif
| # include <string.h>
| #endif
| #ifdef HAVE_STRINGS_H
| # include <strings.h>
| #endif
| #ifdef HAVE_INTTYPES_H
| # include <inttypes.h>
| #endif
| #ifdef HAVE_STDINT_H
| # include <stdint.h>
| #endif
| #ifdef HAVE_UNISTD_H
| # include <unistd.h>
| #endif
| #include <odbc/sql.h>
configure:22399: result: no
configure:22399: checking odbc/sql.h presence
configure:22399: /root/BSA_test/third_party/afl-2.52b/afl-BSA-clang-fast -E  -DLINUX -D_REENTRANT -D_GNU_SOURCE conftest.c
conftest.c:20:10: fatal error: 'odbc/sql.h' file not found
#include <odbc/sql.h>
         ^
1 error generated.
configure:22399: $? = 1
configure: failed program was:
| /* confdefs.h */
| #define PACKAGE_NAME ""
| #define PACKAGE_TARNAME ""
| #define PACKAGE_VERSION ""
| #define PACKAGE_STRING ""
| #define PACKAGE_BUGREPORT ""
| #define PACKAGE_URL ""
| #define STDC_HEADERS 1
| #define HAVE_SYS_TYPES_H 1
| #define HAVE_SYS_STAT_H 1
| #define HAVE_STDLIB_H 1
| #define HAVE_STRING_H 1
| #define HAVE_MEMORY_H 1
| #define HAVE_STRINGS_H 1
| #define HAVE_INTTYPES_H 1
| #define HAVE_STDINT_H 1
| #define HAVE_UNISTD_H 1
| #define HAVE_SQLITE3_H 1
| /* end confdefs.h.  */
| #include <odbc/sql.h>
configure:22399: result: no
configure:22399: checking for odbc/sql.h
configure:22399: result: no
configure:22628: checking Expat 1.95.x
configure:22648: /root/BSA_test/third_party/afl-2.52b/afl-BSA-clang-fast -o conftest -pthread  -DLINUX -D_REENTRANT -D_GNU_SOURCE  conftest.c  -lexpat >&5
No config
configure:22648: $? = 0
configure:22658: result: yes
configure:23156: checking iconv.h usability
configure:23156: /root/BSA_test/third_party/afl-2.52b/afl-BSA-clang-fast -c -pthread  -DLINUX -D_REENTRANT -D_GNU_SOURCE conftest.c >&5
No config
configure:23156: $? = 0
configure:23156: result: yes
configure:23156: checking iconv.h presence
configure:23156: /root/BSA_test/third_party/afl-2.52b/afl-BSA-clang-fast -E  -DLINUX -D_REENTRANT -D_GNU_SOURCE conftest.c
configure:23156: $? = 0
configure:23156: result: yes
configure:23156: checking for iconv.h
configure:23156: result: yes
configure:23177: /root/BSA_test/third_party/afl-2.52b/afl-BSA-clang-fast -o conftest -pthread  -DLINUX -D_REENTRANT -D_GNU_SOURCE  conftest.c  >&5
No config
configure:23177: $? = 0
configure:23400: checking for type of inbuf parameter to iconv
configure:23423: /root/BSA_test/third_party/afl-2.52b/afl-BSA-clang-fast -c -pthread  -Werror  -DLINUX -D_REENTRANT -D_GNU_SOURCE conftest.c >&5
No config
configure:23423: $? = 0
configure:23440: result: char **
configure:23449: checking for iconv.h
configure:23449: result: yes
configure:23449: checking langinfo.h usability
configure:23449: /root/BSA_test/third_party/afl-2.52b/afl-BSA-clang-fast -c -pthread  -DLINUX -D_REENTRANT -D_GNU_SOURCE conftest.c >&5
No config
configure:23449: $? = 0
configure:23449: result: yes
configure:23449: checking langinfo.h presence
configure:23449: /root/BSA_test/third_party/afl-2.52b/afl-BSA-clang-fast -E  -DLINUX -D_REENTRANT -D_GNU_SOURCE conftest.c
configure:23449: $? = 0
configure:23449: result: yes
configure:23449: checking for langinfo.h
configure:23449: result: yes
configure:23473: checking for nl_langinfo
configure:23473: /root/BSA_test/third_party/afl-2.52b/afl-BSA-clang-fast -o conftest -pthread  -DLINUX -D_REENTRANT -D_GNU_SOURCE  conftest.c  >&5
No config
configure:23473: $? = 0
configure:23473: result: yes
configure:23493: checking for CODESET in langinfo.h
configure:23518: result: yes
configure:23542: checking whether APR has DSO support
configure:23567: result: yes
configure:23652: checking for library containing crypt
configure:23683: /root/BSA_test/third_party/afl-2.52b/afl-BSA-clang-fast -o conftest -pthread  -DLINUX -D_REENTRANT -D_GNU_SOURCE  conftest.c  >&5
No config
/tmp/conftest-7fdc0a.o: In function `main':
/root/eval/httpd-2.4.25/srclib/apr-util/conftest.c:37: undefined reference to `crypt'
clang: error: linker command failed with exit code 1 (use -v to see invocation)
configure:23683: $? = 1
configure: failed program was:
| /* confdefs.h */
| #define PACKAGE_NAME ""
| #define PACKAGE_TARNAME ""
| #define PACKAGE_VERSION ""
| #define PACKAGE_STRING ""
| #define PACKAGE_BUGREPORT ""
| #define PACKAGE_URL ""
| #define STDC_HEADERS 1
| #define HAVE_SYS_TYPES_H 1
| #define HAVE_SYS_STAT_H 1
| #define HAVE_STDLIB_H 1
| #define HAVE_STRING_H 1
| #define HAVE_MEMORY_H 1
| #define HAVE_STRINGS_H 1
| #define HAVE_INTTYPES_H 1
| #define HAVE_STDINT_H 1
| #define HAVE_UNISTD_H 1
| #define HAVE_SQLITE3_H 1
| #define HAVE_EXPAT_H 1
| #define HAVE_ICONV_H 1
| #define HAVE_LANGINFO_H 1
| #define HAVE_NL_LANGINFO 1
| #define HAVE_CODESET 1
| #define APU_DSO_BUILD 1
| /* end confdefs.h.  */
| 
| /* Override any GCC internal prototype to avoid an error.
|    Use char because int might match the return type of a GCC
|    builtin and then its argument prototype would still apply.  */
| #ifdef __cplusplus
| extern "C"
| #endif
| char crypt ();
| int
| main ()
| {
| return crypt ();
|   ;
|   return 0;
| }
configure:23683: /root/BSA_test/third_party/afl-2.52b/afl-BSA-clang-fast -o conftest -pthread  -DLINUX -D_REENTRANT -D_GNU_SOURCE  conftest.c -lcrypt   >&5
No config
configure:23683: $? = 0
configure:23700: result: -lcrypt
configure:23708: checking if system crypt() function is threadsafe
configure:23718: result: no
configure:23723: checking for crypt_r
configure:23723: /root/BSA_test/third_party/afl-2.52b/afl-BSA-clang-fast -o conftest -pthread  -DLINUX -D_REENTRANT -D_GNU_SOURCE  conftest.c -lcrypt  >&5
No config
configure:23723: $? = 0
configure:23723: result: yes
configure:23737: checking style of crypt_r
configure:23754: /root/BSA_test/third_party/afl-2.52b/afl-BSA-clang-fast -c -pthread  -DLINUX -D_REENTRANT -D_GNU_SOURCE conftest.c >&5
conftest.c:31:1: error: use of undeclared identifier 'CRYPTD'
CRYPTD buffer;
^
conftest.c:32:30: error: use of undeclared identifier 'buffer'
  crypt_r("passwd", "hash", &buffer);
                             ^
2 errors generated.
configure:23754: $? = 1
configure: failed program was:
| /* confdefs.h */
| #define PACKAGE_NAME ""
| #define PACKAGE_TARNAME ""
| #define PACKAGE_VERSION ""
| #define PACKAGE_STRING ""
| #define PACKAGE_BUGREPORT ""
| #define PACKAGE_URL ""
| #define STDC_HEADERS 1
| #define HAVE_SYS_TYPES_H 1
| #define HAVE_SYS_STAT_H 1
| #define HAVE_STDLIB_H 1
| #define HAVE_STRING_H 1
| #define HAVE_MEMORY_H 1
| #define HAVE_STRINGS_H 1
| #define HAVE_INTTYPES_H 1
| #define HAVE_STDINT_H 1
| #define HAVE_UNISTD_H 1
| #define HAVE_SQLITE3_H 1
| #define HAVE_EXPAT_H 1
| #define HAVE_ICONV_H 1
| #define HAVE_LANGINFO_H 1
| #define HAVE_NL_LANGINFO 1
| #define HAVE_CODESET 1
| #define APU_DSO_BUILD 1
| #define HAVE_CRYPT_R 1
| /* end confdefs.h.  */
| #include <crypt.h>
| int
| main ()
| {
| CRYPTD buffer;
|   crypt_r("passwd", "hash", &buffer);
|   ;
|   return 0;
| }
configure:23769: /root/BSA_test/third_party/afl-2.52b/afl-BSA-clang-fast -c -pthread  -DLINUX -D_REENTRANT -D_GNU_SOURCE conftest.c >&5
No config
configure:23769: $? = 0
configure:23778: result: struct_crypt_data
configure:23793: checking whether the compiler handles weak symbols
configure:23814: /root/BSA_test/third_party/afl-2.52b/afl-BSA-clang-fast -o conftest -pthread  -DLINUX -D_REENTRANT -D_GNU_SOURCE  conftest.c -lcrypt  >&5
No config
configure:23814: $? = 0
configure:23814: ./conftest
configure:23814: $? = 0
configure:23824: result: yes
configure:23833: checking for memset_s support
configure:23855: /root/BSA_test/third_party/afl-2.52b/afl-BSA-clang-fast -o conftest -pthread  -DLINUX -D_REENTRANT -D_GNU_SOURCE  conftest.c -lcrypt  >&5
conftest.c:38:12: warning: implicit declaration of function 'memset_s' is invalid in C99 [-Wimplicit-function-declaration]
    return memset_s(buf, sizeof buf, 0, sizeof buf) != 0 || *buf != '\0';
           ^
No config
1 warning generated.
/tmp/conftest-153fb7.o: In function `main':
/root/eval/httpd-2.4.25/srclib/apr-util/conftest.c:38: undefined reference to `memset_s'
clang: error: linker command failed with exit code 1 (use -v to see invocation)
configure:23855: $? = 1
configure: program exited with status 1
configure: failed program was:
| /* confdefs.h */
| #define PACKAGE_NAME ""
| #define PACKAGE_TARNAME ""
| #define PACKAGE_VERSION ""
| #define PACKAGE_STRING ""
| #define PACKAGE_BUGREPORT ""
| #define PACKAGE_URL ""
| #define STDC_HEADERS 1
| #define HAVE_SYS_TYPES_H 1
| #define HAVE_SYS_STAT_H 1
| #define HAVE_STDLIB_H 1
| #define HAVE_STRING_H 1
| #define HAVE_MEMORY_H 1
| #define HAVE_STRINGS_H 1
| #define HAVE_INTTYPES_H 1
| #define HAVE_STDINT_H 1
| #define HAVE_UNISTD_H 1
| #define HAVE_SQLITE3_H 1
| #define HAVE_EXPAT_H 1
| #define HAVE_ICONV_H 1
| #define HAVE_LANGINFO_H 1
| #define HAVE_NL_LANGINFO 1
| #define HAVE_CODESET 1
| #define APU_DSO_BUILD 1
| #define HAVE_CRYPT_R 1
| #define CRYPT_R_STRUCT_CRYPT_DATA 1
| #define HAVE_WEAK_SYMBOLS 1
| /* end confdefs.h.  */
| 
| #ifdef HAVE_STRING_H
| #define __STDC_WANT_LIB_EXT1__ 1
| #include <string.h>
| #endif
| 
| int main(int argc, const char **argv)
| {
|     char buf[1] = {1};
|     return memset_s(buf, sizeof buf, 0, sizeof buf) != 0 || *buf != '\0';
| }
configure:23865: result: no
configure:23874: checking for explicit_bzero support
configure:23899: /root/BSA_test/third_party/afl-2.52b/afl-BSA-clang-fast -o conftest -pthread  -DLINUX -D_REENTRANT -D_GNU_SOURCE  conftest.c -lcrypt  >&5
conftest.c:40:5: warning: implicit declaration of function 'explicit_bzero' is invalid in C99 [-Wimplicit-function-declaration]
    explicit_bzero(buf, sizeof buf);
    ^
No config
1 warning generated.
/tmp/conftest-4ca4b1.o: In function `main':
/root/eval/httpd-2.4.25/srclib/apr-util/conftest.c:40: undefined reference to `explicit_bzero'
clang: error: linker command failed with exit code 1 (use -v to see invocation)
configure:23899: $? = 1
configure: program exited with status 1
configure: failed program was:
| /* confdefs.h */
| #define PACKAGE_NAME ""
| #define PACKAGE_TARNAME ""
| #define PACKAGE_VERSION ""
| #define PACKAGE_STRING ""
| #define PACKAGE_BUGREPORT ""
| #define PACKAGE_URL ""
| #define STDC_HEADERS 1
| #define HAVE_SYS_TYPES_H 1
| #define HAVE_SYS_STAT_H 1
| #define HAVE_STDLIB_H 1
| #define HAVE_STRING_H 1
| #define HAVE_MEMORY_H 1
| #define HAVE_STRINGS_H 1
| #define HAVE_INTTYPES_H 1
| #define HAVE_STDINT_H 1
| #define HAVE_UNISTD_H 1
| #define HAVE_SQLITE3_H 1
| #define HAVE_EXPAT_H 1
| #define HAVE_ICONV_H 1
| #define HAVE_LANGINFO_H 1
| #define HAVE_NL_LANGINFO 1
| #define HAVE_CODESET 1
| #define APU_DSO_BUILD 1
| #define HAVE_CRYPT_R 1
| #define CRYPT_R_STRUCT_CRYPT_DATA 1
| #define HAVE_WEAK_SYMBOLS 1
| /* end confdefs.h.  */
| 
| #ifdef HAVE_STRING_H
| #include <string.h>
| #endif
| #ifdef HAVE_STRINGS_H
| #include <strings.h>
| #endif
| 
| int main(int argc, const char **argv)
| {
|     char buf[1] = {1};
|     explicit_bzero(buf, sizeof buf);
|     return *buf != '\0';
| }
configure:23909: result: no
configure:24146: creating ./config.status

## ---------------------- ##
## Running config.status. ##
## ---------------------- ##

This file was extended by config.status, which was
generated by GNU Autoconf 2.69.  Invocation command line was

  CONFIG_FILES    = 
  CONFIG_HEADERS  = 
  CONFIG_LINKS    = 
  CONFIG_COMMANDS = 
  $ ./config.status 

on 617a67ca89c7

config.status:933: creating Makefile
config.status:933: creating export_vars.sh
config.status:933: creating build/pkg/pkginfo
config.status:933: creating apr-util.pc
config.status:933: creating apu-1-config
config.status:933: creating include/private/apu_select_dbm.h
config.status:933: creating include/apr_ldap.h
config.status:933: creating include/apu.h
config.status:933: creating include/apu_want.h
config.status:933: creating test/Makefile
config.status:933: creating include/private/apu_config.h
config.status:1108: include/private/apu_config.h is unchanged
config.status:1122: executing default commands

## ---------------- ##
## Cache variables. ##
## ---------------- ##

ac_cv_build=x86_64-pc-linux-gnu
ac_cv_c_compiler_gnu=yes
ac_cv_define_CODESET=yes
ac_cv_env_CC_set=set
ac_cv_env_CC_value=/root/BSA_test/third_party/afl-2.52b/afl-BSA-clang-fast
ac_cv_env_CFLAGS_set=set
ac_cv_env_CFLAGS_value=-pthread
ac_cv_env_CPPFLAGS_set=
ac_cv_env_CPPFLAGS_value=
ac_cv_env_CPP_set=
ac_cv_env_CPP_value=
ac_cv_env_LDFLAGS_set=
ac_cv_env_LDFLAGS_value=
ac_cv_env_LIBS_set=
ac_cv_env_LIBS_value=
ac_cv_env_build_alias_set=
ac_cv_env_build_alias_value=
ac_cv_env_host_alias_set=
ac_cv_env_host_alias_value=
ac_cv_env_target_alias_set=
ac_cv_env_target_alias_value=
ac_cv_func_crypt_r=yes
ac_cv_func_nl_langinfo=yes
ac_cv_header_iconv_h=yes
ac_cv_header_inttypes_h=yes
ac_cv_header_langinfo_h=yes
ac_cv_header_libpq_fe_h=no
ac_cv_header_memory_h=yes
ac_cv_header_odbc_sql_h=no
ac_cv_header_postgresql_libpq_fe_h=no
ac_cv_header_sql_h=no
ac_cv_header_sqlite3_h=yes
ac_cv_header_sqlite_h=no
ac_cv_header_stdc=yes
ac_cv_header_stdint_h=yes
ac_cv_header_stdlib_h=yes
ac_cv_header_string_h=yes
ac_cv_header_strings_h=yes
ac_cv_header_sys_stat_h=yes
ac_cv_header_sys_types_h=yes
ac_cv_header_unistd_h=yes
ac_cv_host=x86_64-pc-linux-gnu
ac_cv_lib_sqlite3_sqlite3_open=yes
ac_cv_mkdir_p=yes
ac_cv_objext=o
ac_cv_path_EGREP='/bin/grep -E'
ac_cv_path_GREP=/bin/grep
ac_cv_path_install='/usr/bin/install -c'
ac_cv_prog_CPP='/root/BSA_test/third_party/afl-2.52b/afl-BSA-clang-fast -E'
ac_cv_prog_ac_ct_CC=/root/BSA_test/third_party/afl-2.52b/afl-BSA-clang-fast
ac_cv_prog_cc_c89=
ac_cv_prog_cc_g=yes
ac_cv_search_crypt=-lcrypt
ac_cv_target=x86_64-pc-linux-gnu
apr_cv_crypt_r_style=struct_crypt_data
apu_cv_aprdso=yes
apu_cv_expat_system=yes
apu_cv_explicit_bzero=no
apu_cv_memset_s=no
apu_cv_weak_symbols=yes

## ----------------- ##
## Output variables. ##
## ----------------- ##

APRUTIL_DOTTED_VERSION='1.6.1'
APRUTIL_EXPORT_LIBS='-lexpat'
APRUTIL_INCLUDES=''
APRUTIL_LDFLAGS=''
APRUTIL_LIBNAME='aprutil-${APRUTIL_MAJOR_VERSION}'
APRUTIL_LIBS='-lexpat /root/eval/httpd-2.4.25/srclib/apr/libapr-1.la -luuid -lrt -lcrypt -lpthread -ldl'
APRUTIL_MAJOR_VERSION='1'
APRUTIL_PRIV_INCLUDES='-I/root/eval/httpd-2.4.25/srclib/apr-util/include -I/root/eval/httpd-2.4.25/srclib/apr-util/include/private'
APR_BUILD_DIR='/root/eval/httpd-2.4.25/srclib/apr/build'
APR_ICONV_DIR=''
APR_INCLUDES=' -I/root/eval/httpd-2.4.25/srclib/apr/include '
APR_LIBS=' /root/eval/httpd-2.4.25/srclib/apr/libapr-1.la -luuid -lrt -lcrypt  -lpthread -ldl'
APU_CONFIG_LOCATION='source'
APU_DSO_LIBDIR='${libdir}/apr-util-1'
APU_HAVE_MODULES='yes'
APU_LTVERSION='-version-info 6:1:6'
APU_MODULES='  dbd/apr_dbd_sqlite3.la'
CC='/root/BSA_test/third_party/afl-2.52b/afl-BSA-clang-fast'
CFLAGS='-pthread'
CPP='/root/BSA_test/third_party/afl-2.52b/afl-BSA-clang-fast -E'
CPPFLAGS=' -DLINUX -D_REENTRANT -D_GNU_SOURCE'
DEFS='-DHAVE_CONFIG_H'
ECHO_C=''
ECHO_N='-n'
ECHO_T=''
EGREP='/bin/grep -E'
EXEEXT=''
EXTRA_OBJECTS=''
GREP='/bin/grep'
INCLUDE_OUTPUTS='include /root/eval/httpd-2.4.25/srclib/apr-util/build-outputs.mk'
INCLUDE_RULES='include /root/eval/httpd-2.4.25/srclib/apr-util/build/rules.mk'
INSTALL_DATA='${INSTALL} -m 644'
INSTALL_PROGRAM='${INSTALL}'
INSTALL_SCRIPT='${INSTALL}'
LDADD_crypto_commoncrypto=''
LDADD_crypto_nss=''
LDADD_crypto_openssl=''
LDADD_dbd_mysql=''
LDADD_dbd_odbc=''
LDADD_dbd_oracle=''
LDADD_dbd_pgsql=''
LDADD_dbd_sqlite2=''
LDADD_dbd_sqlite3=' -lsqlite3'
LDADD_dbm_db=''
LDADD_dbm_gdbm=''
LDADD_dbm_ndbm=''
LDADD_ldap=''
LDFLAGS=''
LIBOBJS=''
LIBS='-lcrypt '
LTLIBOBJS=''
LT_NO_INSTALL='-no-install'
MYSQL_CONFIG=''
OBJEXT='o'
ODBC_CONFIG=''
PACKAGE_BUGREPORT=''
PACKAGE_NAME=''
PACKAGE_STRING=''
PACKAGE_TARNAME=''
PACKAGE_URL=''
PACKAGE_VERSION=''
PATH_SEPARATOR=':'
PGSQL_CONFIG=''
PKG_CONFIG=''
SHELL='/bin/bash'
abs_builddir='/root/eval/httpd-2.4.25/srclib/apr-util'
abs_srcdir='/root/eval/httpd-2.4.25/srclib/apr-util'
ac_ct_CC='/root/BSA_test/third_party/afl-2.52b/afl-BSA-clang-fast'
apr_shlibpath_var='LD_LIBRARY_PATH'
apu_db_header='db.h'
apu_db_version='0'
apu_dbd_tests=' sqlite3'
apu_has_ldap='0'
apu_has_ldap_microsoft='0'
apu_has_ldap_mozilla='0'
apu_has_ldap_netscape='0'
apu_has_ldap_novell='0'
apu_has_ldap_openldap='0'
apu_has_ldap_other='0'
apu_has_ldap_solaris='0'
apu_has_ldap_sslinit='0'
apu_has_ldap_start_tls_s='0'
apu_has_ldap_tivoli='0'
apu_has_ldap_zos='0'
apu_has_ldapssl_add_trusted_cert='0'
apu_has_ldapssl_client_deinit='0'
apu_has_ldapssl_client_init='0'
apu_has_ldapssl_init='0'
apu_has_ldapssl_install_routines='0'
apu_have_commoncrypto='0'
apu_have_crypto='0'
apu_have_db='0'
apu_have_gdbm='0'
apu_have_mysql='0'
apu_have_ndbm='0'
apu_have_nss='0'
apu_have_odbc='0'
apu_have_openssl='0'
apu_have_oracle='0'
apu_have_pgsql='0'
apu_have_sdbm='1'
apu_have_sqlite2='0'
apu_have_sqlite3='1'
apu_use_db='0'
apu_use_gdbm='0'
apu_use_ndbm='0'
apu_use_sdbm='1'
bindir='${prefix}/bin'
build='x86_64-pc-linux-gnu'
build_alias=''
build_cpu='x86_64'
build_os='linux-gnu'
build_vendor='pc'
datadir='${prefix}'
datarootdir='${prefix}/share'
docdir='${datarootdir}/doc/${PACKAGE}'
dvidir='${docdir}'
exec_prefix='/root/eval/httpd-2.4.25/install'
have_apr_iconv='0'
have_iconv='1'
host='x86_64-pc-linux-gnu'
host_alias=''
host_cpu='x86_64'
host_os='linux-gnu'
host_vendor='pc'
htmldir='${docdir}'
includedir='/root/eval/httpd-2.4.25/install/include'
infodir='${datarootdir}/info'
lber_h=''
ldap_h=''
ldap_ssl_h=''
lib_target='-rpath $(libdir) $(OBJECTS)'
libdir='${prefix}/lib'
libexecdir='${exec_prefix}/modules'
localedir='${datarootdir}/locale'
localstatedir='${prefix}'
mandir='${prefix}/man'
oldincludedir='/usr/include'
pdfdir='${docdir}'
prefix='/root/eval/httpd-2.4.25/install'
program_transform_name='s,x,x,'
psdir='${docdir}'
sbindir='${exec_prefix}/bin'
sharedstatedir='${prefix}/com'
so_ext='lo'
sysconfdir='${prefix}/conf'
target='x86_64-pc-linux-gnu'
target_alias=''
target_cpu='x86_64'
target_os='linux-gnu'
target_vendor='pc'
top_builddir='/root/eval/httpd-2.4.25/srclib/apr-util'

## ----------- ##
## confdefs.h. ##
## ----------- ##

/* confdefs.h */
#define PACKAGE_NAME ""
#define PACKAGE_TARNAME ""
#define PACKAGE_VERSION ""
#define PACKAGE_STRING ""
#define PACKAGE_BUGREPORT ""
#define PACKAGE_URL ""
#define STDC_HEADERS 1
#define HAVE_SYS_TYPES_H 1
#define HAVE_SYS_STAT_H 1
#define HAVE_STDLIB_H 1
#define HAVE_STRING_H 1
#define HAVE_MEMORY_H 1
#define HAVE_STRINGS_H 1
#define HAVE_INTTYPES_H 1
#define HAVE_STDINT_H 1
#define HAVE_UNISTD_H 1
#define HAVE_SQLITE3_H 1
#define HAVE_EXPAT_H 1
#define HAVE_ICONV_H 1
#define HAVE_LANGINFO_H 1
#define HAVE_NL_LANGINFO 1
#define HAVE_CODESET 1
#define APU_DSO_BUILD 1
#define HAVE_CRYPT_R 1
#define CRYPT_R_STRUCT_CRYPT_DATA 1
#define HAVE_WEAK_SYMBOLS 1
#define APU_DSO_LIBDIR "/root/eval/httpd-2.4.25/install/lib/apr-util-1"

configure: exit 0
